<?xml version="1.0" encoding="UTF-8"?>
<robot generator="Robot 7.0 (Python 3.12.2 on win32)" generated="2024-04-23T12:15:08.549711" rpa="false" schemaversion="5">
<suite id="s1" name="Hello" source="c:\Users\TestITDev\Desktop\test-auto\hello.robot">
<test id="s1-t1" name="testLogin" line="17">
<kw name="Open Browser" owner="SeleniumLibrary">
<msg time="2024-04-23T12:15:08.759505" level="INFO">Opening browser 'firefox' to base url 'https://filemanager.bcepharma.com/login Chrome'.</msg>
<arg>${URL} ${BROWSER}</arg>
<doc>Opens a new browser instance to the optional ``url``.</doc>
<status status="PASS" start="2024-04-23T12:15:08.759505" elapsed="13.341492"/>
</kw>
<status status="PASS" start="2024-04-23T12:15:08.759505" elapsed="13.341492"/>
</test>
<status status="PASS" start="2024-04-23T12:15:08.556210" elapsed="13.549768"/>
</suite>
<statistics>
<total>
<stat pass="1" fail="0" skip="0">All Tests</stat>
</total>
<tag>
</tag>
<suite>
<stat pass="1" fail="0" skip="0" id="s1" name="Hello">Hello</stat>
</suite>
</statistics>
<errors>
</errors>
</robot>
